2023-09-27 16:35:22.983 INFO  com.gec.wiki.WikiApplication                      :55   [32m                  [0;39m Starting WikiApplication using Java 1.8.0_352 on DESKTOP-K9CQSV4 with PID 3420 (E:\nanhuaclass3\wiki\target\classes started by ww in E:\nanhuaclass3\wiki)
2023-09-27 16:35:22.986 INFO  com.gec.wiki.WikiApplication                      :631  [32m                  [0;39m No active profile set, falling back to 1 default profile: "default"
2023-09-27 16:35:23.063 INFO  o.s.b.d.env.DevToolsPropertyDefaultsPostProcessor :255  [32m                  [0;39m Devtools property defaults active! Set 'spring.devtools.add-properties' to 'false' to disable
2023-09-27 16:35:23.063 INFO  o.s.b.d.env.DevToolsPropertyDefaultsPostProcessor :255  [32m                  [0;39m For additional web related logging consider setting the 'logging.level.web' property to 'DEBUG'
2023-09-27 16:35:23.973 INFO  o.s.boot.web.embedded.tomcat.TomcatWebServer      :108  [32m                  [0;39m Tomcat initialized with port(s): 8080 (http)
2023-09-27 16:35:23.979 INFO  org.apache.coyote.http11.Http11NioProtocol        :173  [32m                  [0;39m Initializing ProtocolHandler ["http-nio-8080"]
2023-09-27 16:35:23.980 INFO  org.apache.catalina.core.StandardService          :173  [32m                  [0;39m Starting service [Tomcat]
2023-09-27 16:35:23.980 INFO  org.apache.catalina.core.StandardEngine           :173  [32m                  [0;39m Starting Servlet engine: [Apache Tomcat/9.0.69]
2023-09-27 16:35:24.046 INFO  o.a.c.core.ContainerBase.[Tomcat].[localhost].[/] :173  [32m                  [0;39m Initializing Spring embedded WebApplicationContext
2023-09-27 16:35:24.046 INFO  o.s.b.w.s.c.ServletWebServerApplicationContext    :292  [32m                  [0;39m Root WebApplicationContext: initialization completed in 980 ms
2023-09-27 16:35:25.759 INFO  o.s.b.d.autoconfigure.OptionalLiveReloadServer    :59   [32m                  [0;39m LiveReload server is running on port 35729
2023-09-27 16:35:25.771 INFO  org.apache.coyote.http11.Http11NioProtocol        :173  [32m                  [0;39m Starting ProtocolHandler ["http-nio-8080"]
2023-09-27 16:35:25.775 WARN  o.s.b.w.s.c.AnnotationConfigServletWebServerApplicationContext:591  [32m                  [0;39m Exception encountered during context initialization - cancelling refresh attempt: org.springframework.context.ApplicationContextException: Failed to start bean 'webServerStartStop'; nested exception is org.springframework.boot.web.server.PortInUseException: Port 8080 is already in use
2023-09-27 16:35:25.779 INFO  org.apache.coyote.http11.Http11NioProtocol        :173  [32m                  [0;39m Pausing ProtocolHandler ["http-nio-8080"]
2023-09-27 16:35:25.779 INFO  org.apache.catalina.core.StandardService          :173  [32m                  [0;39m Stopping service [Tomcat]
2023-09-27 16:35:25.782 INFO  org.apache.coyote.http11.Http11NioProtocol        :173  [32m                  [0;39m Stopping ProtocolHandler ["http-nio-8080"]
2023-09-27 16:35:25.782 INFO  org.apache.coyote.http11.Http11NioProtocol        :173  [32m                  [0;39m Destroying ProtocolHandler ["http-nio-8080"]
2023-09-27 16:35:25.787 INFO  o.s.b.a.l.ConditionEvaluationReportLoggingListener:136  [32m                  [0;39m 

Error starting ApplicationContext. To display the conditions report re-run your application with 'debug' enabled.
2023-09-27 16:35:25.801 ERROR o.s.b.diagnostics.LoggingFailureAnalysisReporter  :40   [32m                  [0;39m 

***************************
APPLICATION FAILED TO START
***************************

Description:

Web server failed to start. Port 8080 was already in use.

Action:

Identify and stop the process that's listening on port 8080 or configure this application to listen on another port.

2023-09-27 16:35:44.767 INFO  com.gec.wiki.WikiApplication                      :55   [32m                  [0;39m Starting WikiApplication using Java 1.8.0_352 on DESKTOP-K9CQSV4 with PID 29332 (E:\nanhuaclass3\wiki\target\classes started by ww in E:\nanhuaclass3\wiki)
2023-09-27 16:35:44.769 INFO  com.gec.wiki.WikiApplication                      :631  [32m                  [0;39m No active profile set, falling back to 1 default profile: "default"
2023-09-27 16:35:44.833 INFO  o.s.b.d.env.DevToolsPropertyDefaultsPostProcessor :255  [32m                  [0;39m Devtools property defaults active! Set 'spring.devtools.add-properties' to 'false' to disable
2023-09-27 16:35:44.834 INFO  o.s.b.d.env.DevToolsPropertyDefaultsPostProcessor :255  [32m                  [0;39m For additional web related logging consider setting the 'logging.level.web' property to 'DEBUG'
2023-09-27 16:35:45.643 INFO  o.s.boot.web.embedded.tomcat.TomcatWebServer      :108  [32m                  [0;39m Tomcat initialized with port(s): 8080 (http)
2023-09-27 16:35:45.649 INFO  org.apache.coyote.http11.Http11NioProtocol        :173  [32m                  [0;39m Initializing ProtocolHandler ["http-nio-8080"]
2023-09-27 16:35:45.649 INFO  org.apache.catalina.core.StandardService          :173  [32m                  [0;39m Starting service [Tomcat]
2023-09-27 16:35:45.649 INFO  org.apache.catalina.core.StandardEngine           :173  [32m                  [0;39m Starting Servlet engine: [Apache Tomcat/9.0.69]
2023-09-27 16:35:45.725 INFO  o.a.c.core.ContainerBase.[Tomcat].[localhost].[/] :173  [32m                  [0;39m Initializing Spring embedded WebApplicationContext
2023-09-27 16:35:45.725 INFO  o.s.b.w.s.c.ServletWebServerApplicationContext    :292  [32m                  [0;39m Root WebApplicationContext: initialization completed in 891 ms
2023-09-27 16:35:47.364 INFO  o.s.b.d.autoconfigure.OptionalLiveReloadServer    :59   [32m                  [0;39m LiveReload server is running on port 35729
2023-09-27 16:35:47.378 INFO  org.apache.coyote.http11.Http11NioProtocol        :173  [32m                  [0;39m Starting ProtocolHandler ["http-nio-8080"]
2023-09-27 16:35:47.392 INFO  o.s.boot.web.embedded.tomcat.TomcatWebServer      :220  [32m                  [0;39m Tomcat started on port(s): 8080 (http) with context path ''
2023-09-27 16:35:47.399 INFO  com.gec.wiki.WikiApplication                      :61   [32m                  [0;39m Started WikiApplication in 3.183 seconds (JVM running for 4.668)
2023-09-27 16:35:47.401 INFO  com.gec.wiki.WikiApplication                      :18   [32m                  [0;39m 启动成功！！！
2023-09-27 16:35:47.402 INFO  com.gec.wiki.WikiApplication                      :19   [32m                  [0;39m 地址：127.0.0.1:8080
2023-09-27 16:35:51.853 INFO  o.a.c.core.ContainerBase.[Tomcat].[localhost].[/] :173  [32m                  [0;39m Initializing Spring DispatcherServlet 'dispatcherServlet'
2023-09-27 16:35:51.853 INFO  org.springframework.web.servlet.DispatcherServlet :525  [32m                  [0;39m Initializing Servlet 'dispatcherServlet'
2023-09-27 16:35:51.854 INFO  org.springframework.web.servlet.DispatcherServlet :547  [32m                  [0;39m Completed initialization in 1 ms
2023-09-27 16:36:14.275 INFO  com.zaxxer.hikari.HikariDataSource                :110  [32m                  [0;39m HikariPool-1 - Starting...
2023-09-27 16:36:14.373 INFO  com.zaxxer.hikari.HikariDataSource                :123  [32m                  [0;39m HikariPool-1 - Start completed.
